{
  "RSpec": {
    "coverage": {
      "/Users/dididodson/turing/mod3/viewing_party_lite/app/helpers/application_helper.rb": {
        "lines": [
          1,
          null
        ]
      },
      "/Users/dididodson/turing/mod3/viewing_party_lite/app/models/party_invitee.rb": {
        "lines": [
          1,
          1,
          1,
          null,
          1,
          1,
          1,
          null
        ]
      },
      "/Users/dididodson/turing/mod3/viewing_party_lite/app/models/application_record.rb": {
        "lines": [
          1,
          1,
          null
        ]
      },
      "/Users/dididodson/turing/mod3/viewing_party_lite/app/models/party.rb": {
        "lines": [
          1,
          1,
          1,
          null,
          1,
          1,
          1,
          1,
          1,
          null
        ]
      },
      "/Users/dididodson/turing/mod3/viewing_party_lite/app/models/user.rb": {
        "lines": [
          1,
          1,
          1,
          null,
          1,
          1,
          null
        ]
      },
      "/Users/dididodson/turing/mod3/viewing_party_lite/app/facades/movies_facade.rb": {
        "lines": [
          1,
          1,
          1,
          6,
          4,
          null,
          4,
          null,
          null,
          1,
          2,
          2,
          null,
          2,
          null,
          null,
          1,
          3,
          null,
          null,
          1,
          3,
          3,
          null,
          null,
          1,
          3,
          null,
          null,
          null
        ]
      },
      "/Users/dididodson/turing/mod3/viewing_party_lite/app/services/movies_service.rb": {
        "lines": [
          1,
          1,
          1,
          25,
          25,
          null,
          null,
          null,
          1,
          25,
          null,
          23,
          null,
          null,
          null
        ]
      },
      "/Users/dididodson/turing/mod3/viewing_party_lite/app/controllers/discover_controller.rb": {
        "lines": [
          1,
          1,
          3,
          null,
          null
        ]
      },
      "/Users/dididodson/turing/mod3/viewing_party_lite/app/controllers/application_controller.rb": {
        "lines": [
          1,
          null
        ]
      },
      "/Users/dididodson/turing/mod3/viewing_party_lite/app/controllers/movies_controller.rb": {
        "lines": [
          1,
          1,
          4,
          null,
          4,
          0,
          null,
          4,
          null,
          null,
          null,
          1,
          1,
          1,
          1,
          null,
          1,
          1,
          null,
          null
        ]
      },
      "/Users/dididodson/turing/mod3/viewing_party_lite/app/controllers/main_controller.rb": {
        "lines": [
          1,
          1,
          2,
          null,
          null
        ]
      },
      "/Users/dididodson/turing/mod3/viewing_party_lite/app/controllers/users_controller.rb": {
        "lines": [
          1,
          1,
          2,
          null,
          null,
          1,
          2,
          null,
          2,
          1,
          null,
          1,
          1,
          null,
          null,
          null,
          1,
          3,
          null,
          null,
          1,
          null,
          1,
          2,
          null,
          null
        ]
      },
      "/Users/dididodson/turing/mod3/viewing_party_lite/app/mailers/application_mailer.rb": {
        "lines": [
          0,
          0,
          0,
          0
        ],
        "branches": {
        }
      },
      "/Users/dididodson/turing/mod3/viewing_party_lite/app/jobs/application_job.rb": {
        "lines": [
          0,
          0
        ],
        "branches": {
        }
      },
      "/Users/dididodson/turing/mod3/viewing_party_lite/app/channels/application_cable/connection.rb": {
        "lines": [
          0,
          0,
          0,
          0
        ],
        "branches": {
        }
      },
      "/Users/dididodson/turing/mod3/viewing_party_lite/app/channels/application_cable/channel.rb": {
        "lines": [
          0,
          0,
          0,
          0
        ],
        "branches": {
        }
      }
    },
    "timestamp": 1638366750
  }
}
